[debug] [2017-11-18T14:49:34.813Z] ----------------------------------------------------------------------
[debug] [2017-11-18T14:49:34.815Z] Command:       C:\Node.js\node.exe C:\Users\Daniel Kim\AppData\Roaming\npm\node_modules\firebase-tools\bin\firebase serve
[debug] [2017-11-18T14:49:34.816Z] CLI Version:   3.15.2
[debug] [2017-11-18T14:49:34.816Z] Platform:      win32
[debug] [2017-11-18T14:49:34.816Z] Node Version:  v6.11.3
[debug] [2017-11-18T14:49:34.816Z] Time:          Sat Nov 18 2017 09:49:34 GMT-0500 (Eastern Standard Time)
[debug] [2017-11-18T14:49:34.816Z] ----------------------------------------------------------------------
[debug] 
[debug] [2017-11-18T14:49:34.831Z] > command requires scopes: ["email","openid","https://www.googleapis.com/auth/cloudplatformprojects.readonly","https://www.googleapis.com/auth/firebase","https://www.googleapis.com/auth/cloud-platform"]
[debug] [2017-11-18T14:49:34.832Z] > authorizing via signed-in user
[debug] [2017-11-18T14:49:34.834Z] >>> HTTP REQUEST GET https://admin.firebase.com/v1/projects/musique-79bbb  
 Sat Nov 18 2017 09:49:34 GMT-0500 (Eastern Standard Time)
[debug] [2017-11-18T14:49:35.136Z] <<< HTTP RESPONSE 200
[debug] [2017-11-18T14:49:35.137Z] >>> HTTP REQUEST GET https://admin.firebase.com/v1/database/musique-79bbb/tokens  
 Sat Nov 18 2017 09:49:35 GMT-0500 (Eastern Standard Time)
[debug] [2017-11-18T14:49:35.525Z] <<< HTTP RESPONSE 200
[info] 
[info] === Serving from 'C:\Users\Daniel Kim\Desktop\hackwestern\realshit\hackwestern'...
[info] 
[debug] [2017-11-18T14:49:35.530Z] >>> HTTP REQUEST GET https://cloudresourcemanager.googleapis.com/v1/projects/musique-79bbb  
 Sat Nov 18 2017 09:49:35 GMT-0500 (Eastern Standard Time)
[debug] [2017-11-18T14:49:35.786Z] <<< HTTP RESPONSE 200
[debug] [2017-11-18T14:49:35.787Z] >>> HTTP REQUEST GET https://mobilesdk-pa.googleapis.com/v1/projects/915472544803/clients/_:getWebAppConfig  
 Sat Nov 18 2017 09:49:35 GMT-0500 (Eastern Standard Time)
[debug] [2017-11-18T14:49:36.074Z] <<< HTTP RESPONSE 200
[info] i  hosting: Serving hosting files from: public
[info] +  hosting: Local server: http://localhost:5000

